2023-12-06 05:13:29,825 - DEBUG - STREAM b'IHDR' 16 13
2023-12-06 05:13:29,826 - DEBUG - STREAM b'cHRM' 41 32
2023-12-06 05:13:29,826 - DEBUG - STREAM b'bKGD' 85 6
2023-12-06 05:13:29,826 - DEBUG - b'bKGD' 85 6 (unknown)
2023-12-06 05:13:29,826 - DEBUG - STREAM b'orNT' 103 1
2023-12-06 05:13:29,826 - DEBUG - b'orNT' 103 1 (unknown)
2023-12-06 05:13:29,826 - DEBUG - STREAM b'IDAT' 116 32768
2023-12-06 05:13:29,826 - DEBUG - STREAM b'IHDR' 16 13
2023-12-06 05:13:29,826 - DEBUG - STREAM b'cHRM' 41 32
2023-12-06 05:13:29,826 - DEBUG - STREAM b'bKGD' 85 6
2023-12-06 05:13:29,826 - DEBUG - b'bKGD' 85 6 (unknown)
2023-12-06 05:13:29,826 - DEBUG - STREAM b'orNT' 103 1
2023-12-06 05:13:29,826 - DEBUG - b'orNT' 103 1 (unknown)
2023-12-06 05:13:29,826 - DEBUG - STREAM b'IDAT' 116 32768
2023-12-06 05:13:29,827 - DEBUG - STREAM b'IHDR' 16 13
2023-12-06 05:13:29,827 - DEBUG - STREAM b'cHRM' 41 32
2023-12-06 05:13:29,827 - DEBUG - STREAM b'bKGD' 85 6
2023-12-06 05:13:29,827 - DEBUG - b'bKGD' 85 6 (unknown)
2023-12-06 05:13:29,827 - DEBUG - STREAM b'orNT' 103 1
2023-12-06 05:13:29,827 - DEBUG - b'orNT' 103 1 (unknown)
2023-12-06 05:13:29,827 - DEBUG - STREAM b'IDAT' 116 32768
2023-12-06 05:13:29,856 - DEBUG - STREAM b'tEXt' 1090534 37
2023-12-06 05:13:29,856 - DEBUG - STREAM b'tEXt' 1090583 37
2023-12-06 05:13:29,856 - DEBUG - STREAM b'tEXt' 1090632 40
2023-12-06 05:13:29,951 - DEBUG - STREAM b'tEXt' 8745541 37
2023-12-06 05:13:29,951 - DEBUG - STREAM b'tEXt' 8745590 37
2023-12-06 05:13:29,951 - DEBUG - STREAM b'tEXt' 8745639 40
2023-12-06 05:13:30,067 - DEBUG - STREAM b'tEXt' 8301345 37
2023-12-06 05:13:30,068 - DEBUG - STREAM b'tEXt' 8301394 37
2023-12-06 05:13:30,068 - DEBUG - STREAM b'tEXt' 8301443 40
2023-12-06 05:13:30,110 - DEBUG - STREAM b'IHDR' 16 13
2023-12-06 05:13:30,111 - DEBUG - STREAM b'gAMA' 41 4
2023-12-06 05:13:30,111 - DEBUG - STREAM b'cHRM' 57 32
2023-12-06 05:13:30,111 - DEBUG - STREAM b'bKGD' 101 6
2023-12-06 05:13:30,111 - DEBUG - b'bKGD' 101 6 (unknown)
2023-12-06 05:13:30,111 - DEBUG - STREAM b'pHYs' 119 9
2023-12-06 05:13:30,111 - DEBUG - STREAM b'tIME' 140 7
2023-12-06 05:13:30,111 - DEBUG - b'tIME' 140 7 (unknown)
2023-12-06 05:13:30,111 - DEBUG - STREAM b'IDAT' 159 32768
2023-12-06 05:13:30,111 - DEBUG - STREAM b'IHDR' 16 13
2023-12-06 05:13:30,111 - DEBUG - STREAM b'sRGB' 41 1
2023-12-06 05:13:30,111 - DEBUG - STREAM b'IDAT' 54 8192
2023-12-06 05:13:30,111 - DEBUG - STREAM b'IHDR' 16 13
2023-12-06 05:13:30,111 - DEBUG - STREAM b'sRGB' 41 1
2023-12-06 05:13:30,112 - DEBUG - STREAM b'IDAT' 54 8192
2023-12-06 05:13:30,112 - DEBUG - STREAM b'IHDR' 16 13
2023-12-06 05:13:30,112 - DEBUG - STREAM b'sRGB' 41 1
2023-12-06 05:13:30,112 - DEBUG - STREAM b'IDAT' 54 8192
2023-12-06 05:13:30,112 - DEBUG - STREAM b'IHDR' 16 13
2023-12-06 05:13:30,112 - DEBUG - STREAM b'sRGB' 41 1
2023-12-06 05:13:30,112 - DEBUG - STREAM b'IDAT' 54 8192
2023-12-06 05:13:30,113 - DEBUG - STREAM b'IHDR' 16 13
2023-12-06 05:13:30,113 - DEBUG - STREAM b'sRGB' 41 1
2023-12-06 05:13:30,113 - DEBUG - STREAM b'IDAT' 54 8192
2023-12-06 05:13:30,113 - DEBUG - STREAM b'IHDR' 16 13
2023-12-06 05:13:30,113 - DEBUG - STREAM b'sRGB' 41 1
2023-12-06 05:13:30,113 - DEBUG - STREAM b'IDAT' 54 8192
2023-12-06 05:13:30,113 - DEBUG - STREAM b'IHDR' 16 13
2023-12-06 05:13:30,113 - DEBUG - STREAM b'sRGB' 41 1
2023-12-06 05:13:30,114 - DEBUG - STREAM b'IDAT' 54 8192
2023-12-06 05:13:30,114 - DEBUG - STREAM b'IHDR' 16 13
2023-12-06 05:13:30,114 - DEBUG - STREAM b'cHRM' 41 32
2023-12-06 05:13:30,114 - DEBUG - STREAM b'bKGD' 85 6
2023-12-06 05:13:30,114 - DEBUG - b'bKGD' 85 6 (unknown)
2023-12-06 05:13:30,114 - DEBUG - STREAM b'orNT' 103 1
2023-12-06 05:13:30,114 - DEBUG - b'orNT' 103 1 (unknown)
2023-12-06 05:13:30,114 - DEBUG - STREAM b'IDAT' 116 32768
2023-12-06 05:13:30,114 - DEBUG - STREAM b'IHDR' 16 13
2023-12-06 05:13:30,114 - DEBUG - STREAM b'sRGB' 41 1
2023-12-06 05:13:30,114 - DEBUG - STREAM b'IDAT' 54 8192
2023-12-06 05:13:30,114 - DEBUG - STREAM b'IHDR' 16 13
2023-12-06 05:13:30,114 - DEBUG - STREAM b'sRGB' 41 1
2023-12-06 05:13:30,114 - DEBUG - STREAM b'IDAT' 54 8192
2023-12-06 05:13:30,115 - DEBUG - STREAM b'IHDR' 16 13
2023-12-06 05:13:30,115 - DEBUG - STREAM b'sRGB' 41 1
2023-12-06 05:13:30,115 - DEBUG - STREAM b'IDAT' 54 8192
2023-12-06 05:13:30,115 - DEBUG - STREAM b'IHDR' 16 13
2023-12-06 05:13:30,115 - DEBUG - STREAM b'pHYs' 41 9
2023-12-06 05:13:30,115 - DEBUG - STREAM b'sRGB' 62 1
2023-12-06 05:13:30,115 - DEBUG - STREAM b'IDAT' 75 2198
2023-12-06 05:13:30,133 - DEBUG - STREAM b'tEXt' 486697 37
2023-12-06 05:13:30,134 - DEBUG - STREAM b'tEXt' 486746 37
2023-12-06 05:13:30,294 - DEBUG - STREAM b'tEXt' 6884425 37
2023-12-06 05:13:30,294 - DEBUG - STREAM b'tEXt' 6884474 37
2023-12-06 05:13:30,294 - DEBUG - STREAM b'tEXt' 6884523 40
2023-12-06 05:13:30,329 - DEBUG - STREAM b'eXIf' 2285 14
2023-12-06 05:13:30,334 - INFO - Leon se movió a la posición [20, 19]
2023-12-06 05:13:30,334 - INFO - Leon se movió a la posición [21, 19]
2023-12-06 05:13:30,334 - INFO - hiena se movió a la posición [4, 1]
2023-12-06 05:13:30,334 - INFO - jirafa se movió a la posición [3, 6]
2023-12-06 05:13:30,334 - INFO - gacela se movió a la posición [2, 1]
2023-12-06 05:13:30,334 - INFO - rinoceronte se movió a la posición [8, 16]
2023-12-06 05:13:30,335 - INFO - elefante se movió a la posición [11, 20]
2023-12-06 05:13:30,335 - INFO - tortuga se movió a la posición [14, 25]
2023-12-06 05:13:30,335 - INFO - Leon373 se movió a la posición [10, 7]
2023-12-06 05:13:30,335 - INFO - Leon777 se movió a la posición [10, 7]
2023-12-06 05:13:30,335 - INFO - ciervo se movió a la posición [20, 19]
2023-12-06 05:13:30,335 - INFO - antilopes se movió a la posición [2, 13]
2023-12-06 05:13:30,335 - INFO - bufalo se movió a la posición [14, 21]
2023-12-06 05:13:48,619 - DEBUG - STREAM b'IHDR' 16 13
2023-12-06 05:13:48,619 - DEBUG - STREAM b'cHRM' 41 32
2023-12-06 05:13:48,619 - DEBUG - STREAM b'bKGD' 85 6
2023-12-06 05:13:48,619 - DEBUG - b'bKGD' 85 6 (unknown)
2023-12-06 05:13:48,619 - DEBUG - STREAM b'orNT' 103 1
2023-12-06 05:13:48,619 - DEBUG - b'orNT' 103 1 (unknown)
2023-12-06 05:13:48,619 - DEBUG - STREAM b'IDAT' 116 32768
2023-12-06 05:13:48,620 - DEBUG - STREAM b'IHDR' 16 13
2023-12-06 05:13:48,620 - DEBUG - STREAM b'cHRM' 41 32
2023-12-06 05:13:48,620 - DEBUG - STREAM b'bKGD' 85 6
2023-12-06 05:13:48,620 - DEBUG - b'bKGD' 85 6 (unknown)
2023-12-06 05:13:48,620 - DEBUG - STREAM b'orNT' 103 1
2023-12-06 05:13:48,620 - DEBUG - b'orNT' 103 1 (unknown)
2023-12-06 05:13:48,620 - DEBUG - STREAM b'IDAT' 116 32768
2023-12-06 05:13:48,620 - DEBUG - STREAM b'IHDR' 16 13
2023-12-06 05:13:48,620 - DEBUG - STREAM b'cHRM' 41 32
2023-12-06 05:13:48,620 - DEBUG - STREAM b'bKGD' 85 6
2023-12-06 05:13:48,620 - DEBUG - b'bKGD' 85 6 (unknown)
2023-12-06 05:13:48,621 - DEBUG - STREAM b'orNT' 103 1
2023-12-06 05:13:48,621 - DEBUG - b'orNT' 103 1 (unknown)
2023-12-06 05:13:48,621 - DEBUG - STREAM b'IDAT' 116 32768
2023-12-06 05:13:48,657 - DEBUG - STREAM b'tEXt' 1090534 37
2023-12-06 05:13:48,657 - DEBUG - STREAM b'tEXt' 1090583 37
2023-12-06 05:13:48,657 - DEBUG - STREAM b'tEXt' 1090632 40
2023-12-06 05:13:48,781 - DEBUG - STREAM b'tEXt' 8745541 37
2023-12-06 05:13:48,781 - DEBUG - STREAM b'tEXt' 8745590 37
2023-12-06 05:13:48,781 - DEBUG - STREAM b'tEXt' 8745639 40
2023-12-06 05:13:48,907 - DEBUG - STREAM b'tEXt' 8301345 37
2023-12-06 05:13:48,907 - DEBUG - STREAM b'tEXt' 8301394 37
2023-12-06 05:13:48,907 - DEBUG - STREAM b'tEXt' 8301443 40
2023-12-06 05:13:48,952 - DEBUG - STREAM b'IHDR' 16 13
2023-12-06 05:13:48,952 - DEBUG - STREAM b'gAMA' 41 4
2023-12-06 05:13:48,952 - DEBUG - STREAM b'cHRM' 57 32
2023-12-06 05:13:48,952 - DEBUG - STREAM b'bKGD' 101 6
2023-12-06 05:13:48,952 - DEBUG - b'bKGD' 101 6 (unknown)
2023-12-06 05:13:48,952 - DEBUG - STREAM b'pHYs' 119 9
2023-12-06 05:13:48,952 - DEBUG - STREAM b'tIME' 140 7
2023-12-06 05:13:48,953 - DEBUG - b'tIME' 140 7 (unknown)
2023-12-06 05:13:48,953 - DEBUG - STREAM b'IDAT' 159 32768
2023-12-06 05:13:48,953 - DEBUG - STREAM b'IHDR' 16 13
2023-12-06 05:13:48,953 - DEBUG - STREAM b'sRGB' 41 1
2023-12-06 05:13:48,953 - DEBUG - STREAM b'IDAT' 54 8192
2023-12-06 05:13:48,953 - DEBUG - STREAM b'IHDR' 16 13
2023-12-06 05:13:48,953 - DEBUG - STREAM b'sRGB' 41 1
2023-12-06 05:13:48,954 - DEBUG - STREAM b'IDAT' 54 8192
2023-12-06 05:13:48,954 - DEBUG - STREAM b'IHDR' 16 13
2023-12-06 05:13:48,954 - DEBUG - STREAM b'sRGB' 41 1
2023-12-06 05:13:48,954 - DEBUG - STREAM b'IDAT' 54 8192
2023-12-06 05:13:48,954 - DEBUG - STREAM b'IHDR' 16 13
2023-12-06 05:13:48,954 - DEBUG - STREAM b'sRGB' 41 1
2023-12-06 05:13:48,954 - DEBUG - STREAM b'IDAT' 54 8192
2023-12-06 05:13:48,954 - DEBUG - STREAM b'IHDR' 16 13
2023-12-06 05:13:48,954 - DEBUG - STREAM b'sRGB' 41 1
2023-12-06 05:13:48,954 - DEBUG - STREAM b'IDAT' 54 8192
2023-12-06 05:13:48,955 - DEBUG - STREAM b'IHDR' 16 13
2023-12-06 05:13:48,955 - DEBUG - STREAM b'sRGB' 41 1
2023-12-06 05:13:48,955 - DEBUG - STREAM b'IDAT' 54 8192
2023-12-06 05:13:48,955 - DEBUG - STREAM b'IHDR' 16 13
2023-12-06 05:13:48,955 - DEBUG - STREAM b'sRGB' 41 1
2023-12-06 05:13:48,955 - DEBUG - STREAM b'IDAT' 54 8192
2023-12-06 05:13:48,955 - DEBUG - STREAM b'IHDR' 16 13
2023-12-06 05:13:48,955 - DEBUG - STREAM b'cHRM' 41 32
2023-12-06 05:13:48,955 - DEBUG - STREAM b'bKGD' 85 6
2023-12-06 05:13:48,955 - DEBUG - b'bKGD' 85 6 (unknown)
2023-12-06 05:13:48,955 - DEBUG - STREAM b'orNT' 103 1
2023-12-06 05:13:48,955 - DEBUG - b'orNT' 103 1 (unknown)
2023-12-06 05:13:48,956 - DEBUG - STREAM b'IDAT' 116 32768
2023-12-06 05:13:48,956 - DEBUG - STREAM b'IHDR' 16 13
2023-12-06 05:13:48,956 - DEBUG - STREAM b'sRGB' 41 1
2023-12-06 05:13:48,956 - DEBUG - STREAM b'IDAT' 54 8192
2023-12-06 05:13:48,956 - DEBUG - STREAM b'IHDR' 16 13
2023-12-06 05:13:48,956 - DEBUG - STREAM b'sRGB' 41 1
2023-12-06 05:13:48,956 - DEBUG - STREAM b'IDAT' 54 8192
2023-12-06 05:13:48,956 - DEBUG - STREAM b'IHDR' 16 13
2023-12-06 05:13:48,956 - DEBUG - STREAM b'sRGB' 41 1
2023-12-06 05:13:48,956 - DEBUG - STREAM b'IDAT' 54 8192
2023-12-06 05:13:48,956 - DEBUG - STREAM b'IHDR' 16 13
2023-12-06 05:13:48,957 - DEBUG - STREAM b'pHYs' 41 9
2023-12-06 05:13:48,957 - DEBUG - STREAM b'sRGB' 62 1
2023-12-06 05:13:48,957 - DEBUG - STREAM b'IDAT' 75 2198
2023-12-06 05:13:48,979 - DEBUG - STREAM b'tEXt' 486697 37
2023-12-06 05:13:48,979 - DEBUG - STREAM b'tEXt' 486746 37
2023-12-06 05:13:49,159 - DEBUG - STREAM b'tEXt' 6884425 37
2023-12-06 05:13:49,159 - DEBUG - STREAM b'tEXt' 6884474 37
2023-12-06 05:13:49,159 - DEBUG - STREAM b'tEXt' 6884523 40
2023-12-06 05:13:49,192 - DEBUG - STREAM b'eXIf' 2285 14
2023-12-06 05:13:49,196 - INFO - Leon se movió a la posición [20, 19]
2023-12-06 05:13:49,196 - INFO - Leon se movió a la posición [21, 19]
2023-12-06 05:13:49,196 - INFO - hiena se movió a la posición [4, 1]
2023-12-06 05:13:49,196 - INFO - jirafa se movió a la posición [2, 5]
2023-12-06 05:13:49,197 - INFO - gacela se movió a la posición [2, 1]
2023-12-06 05:13:49,197 - INFO - rinoceronte se movió a la posición [8, 14]
2023-12-06 05:13:49,197 - INFO - elefante se movió a la posición [11, 20]
2023-12-06 05:13:49,197 - INFO - tortuga se movió a la posición [16, 25]
2023-12-06 05:13:49,197 - INFO - Leon373 se movió a la posición [10, 7]
2023-12-06 05:13:49,197 - INFO - Leon777 se movió a la posición [10, 7]
2023-12-06 05:13:49,197 - INFO - ciervo se movió a la posición [20, 17]
2023-12-06 05:13:49,197 - INFO - antilopes se movió a la posición [2, 13]
2023-12-06 05:13:49,198 - INFO - bufalo se movió a la posición [14, 21]
2023-12-06 05:14:16,053 - DEBUG - STREAM b'IHDR' 16 13
2023-12-06 05:14:16,053 - DEBUG - STREAM b'cHRM' 41 32
2023-12-06 05:14:16,053 - DEBUG - STREAM b'bKGD' 85 6
2023-12-06 05:14:16,054 - DEBUG - b'bKGD' 85 6 (unknown)
2023-12-06 05:14:16,054 - DEBUG - STREAM b'orNT' 103 1
2023-12-06 05:14:16,054 - DEBUG - b'orNT' 103 1 (unknown)
2023-12-06 05:14:16,054 - DEBUG - STREAM b'IDAT' 116 32768
2023-12-06 05:14:16,054 - DEBUG - STREAM b'IHDR' 16 13
2023-12-06 05:14:16,054 - DEBUG - STREAM b'cHRM' 41 32
2023-12-06 05:14:16,054 - DEBUG - STREAM b'bKGD' 85 6
2023-12-06 05:14:16,054 - DEBUG - b'bKGD' 85 6 (unknown)
2023-12-06 05:14:16,055 - DEBUG - STREAM b'orNT' 103 1
2023-12-06 05:14:16,055 - DEBUG - b'orNT' 103 1 (unknown)
2023-12-06 05:14:16,055 - DEBUG - STREAM b'IDAT' 116 32768
2023-12-06 05:14:16,055 - DEBUG - STREAM b'IHDR' 16 13
2023-12-06 05:14:16,055 - DEBUG - STREAM b'cHRM' 41 32
2023-12-06 05:14:16,055 - DEBUG - STREAM b'bKGD' 85 6
2023-12-06 05:14:16,055 - DEBUG - b'bKGD' 85 6 (unknown)
2023-12-06 05:14:16,055 - DEBUG - STREAM b'orNT' 103 1
2023-12-06 05:14:16,055 - DEBUG - b'orNT' 103 1 (unknown)
2023-12-06 05:14:16,055 - DEBUG - STREAM b'IDAT' 116 32768
2023-12-06 05:14:16,091 - DEBUG - STREAM b'tEXt' 1090534 37
2023-12-06 05:14:16,091 - DEBUG - STREAM b'tEXt' 1090583 37
2023-12-06 05:14:16,091 - DEBUG - STREAM b'tEXt' 1090632 40
2023-12-06 05:14:16,190 - DEBUG - STREAM b'tEXt' 8745541 37
2023-12-06 05:14:16,190 - DEBUG - STREAM b'tEXt' 8745590 37
2023-12-06 05:14:16,190 - DEBUG - STREAM b'tEXt' 8745639 40
2023-12-06 05:14:16,328 - DEBUG - STREAM b'tEXt' 8301345 37
2023-12-06 05:14:16,328 - DEBUG - STREAM b'tEXt' 8301394 37
2023-12-06 05:14:16,328 - DEBUG - STREAM b'tEXt' 8301443 40
2023-12-06 05:14:16,372 - DEBUG - STREAM b'IHDR' 16 13
2023-12-06 05:14:16,372 - DEBUG - STREAM b'gAMA' 41 4
2023-12-06 05:14:16,372 - DEBUG - STREAM b'cHRM' 57 32
2023-12-06 05:14:16,372 - DEBUG - STREAM b'bKGD' 101 6
2023-12-06 05:14:16,372 - DEBUG - b'bKGD' 101 6 (unknown)
2023-12-06 05:14:16,373 - DEBUG - STREAM b'pHYs' 119 9
2023-12-06 05:14:16,373 - DEBUG - STREAM b'tIME' 140 7
2023-12-06 05:14:16,373 - DEBUG - b'tIME' 140 7 (unknown)
2023-12-06 05:14:16,373 - DEBUG - STREAM b'IDAT' 159 32768
2023-12-06 05:14:16,373 - DEBUG - STREAM b'IHDR' 16 13
2023-12-06 05:14:16,373 - DEBUG - STREAM b'sRGB' 41 1
2023-12-06 05:14:16,373 - DEBUG - STREAM b'IDAT' 54 8192
2023-12-06 05:14:16,374 - DEBUG - STREAM b'IHDR' 16 13
2023-12-06 05:14:16,374 - DEBUG - STREAM b'sRGB' 41 1
2023-12-06 05:14:16,374 - DEBUG - STREAM b'IDAT' 54 8192
2023-12-06 05:14:16,374 - DEBUG - STREAM b'IHDR' 16 13
2023-12-06 05:14:16,374 - DEBUG - STREAM b'sRGB' 41 1
2023-12-06 05:14:16,374 - DEBUG - STREAM b'IDAT' 54 8192
2023-12-06 05:14:16,374 - DEBUG - STREAM b'IHDR' 16 13
2023-12-06 05:14:16,374 - DEBUG - STREAM b'sRGB' 41 1
2023-12-06 05:14:16,374 - DEBUG - STREAM b'IDAT' 54 8192
2023-12-06 05:14:16,375 - DEBUG - STREAM b'IHDR' 16 13
2023-12-06 05:14:16,375 - DEBUG - STREAM b'sRGB' 41 1
2023-12-06 05:14:16,375 - DEBUG - STREAM b'IDAT' 54 8192
2023-12-06 05:14:16,375 - DEBUG - STREAM b'IHDR' 16 13
2023-12-06 05:14:16,375 - DEBUG - STREAM b'sRGB' 41 1
2023-12-06 05:14:16,375 - DEBUG - STREAM b'IDAT' 54 8192
2023-12-06 05:14:16,375 - DEBUG - STREAM b'IHDR' 16 13
2023-12-06 05:14:16,375 - DEBUG - STREAM b'sRGB' 41 1
2023-12-06 05:14:16,375 - DEBUG - STREAM b'IDAT' 54 8192
2023-12-06 05:14:16,375 - DEBUG - STREAM b'IHDR' 16 13
2023-12-06 05:14:16,376 - DEBUG - STREAM b'cHRM' 41 32
2023-12-06 05:14:16,376 - DEBUG - STREAM b'bKGD' 85 6
2023-12-06 05:14:16,376 - DEBUG - b'bKGD' 85 6 (unknown)
2023-12-06 05:14:16,376 - DEBUG - STREAM b'orNT' 103 1
2023-12-06 05:14:16,376 - DEBUG - b'orNT' 103 1 (unknown)
2023-12-06 05:14:16,376 - DEBUG - STREAM b'IDAT' 116 32768
2023-12-06 05:14:16,376 - DEBUG - STREAM b'IHDR' 16 13
2023-12-06 05:14:16,376 - DEBUG - STREAM b'sRGB' 41 1
2023-12-06 05:14:16,376 - DEBUG - STREAM b'IDAT' 54 8192
2023-12-06 05:14:16,376 - DEBUG - STREAM b'IHDR' 16 13
2023-12-06 05:14:16,376 - DEBUG - STREAM b'sRGB' 41 1
2023-12-06 05:14:16,376 - DEBUG - STREAM b'IDAT' 54 8192
2023-12-06 05:14:16,377 - DEBUG - STREAM b'IHDR' 16 13
2023-12-06 05:14:16,377 - DEBUG - STREAM b'sRGB' 41 1
2023-12-06 05:14:16,377 - DEBUG - STREAM b'IDAT' 54 8192
2023-12-06 05:14:16,377 - DEBUG - STREAM b'IHDR' 16 13
2023-12-06 05:14:16,377 - DEBUG - STREAM b'pHYs' 41 9
2023-12-06 05:14:16,377 - DEBUG - STREAM b'sRGB' 62 1
2023-12-06 05:14:16,377 - DEBUG - STREAM b'IDAT' 75 2198
2023-12-06 05:14:16,398 - DEBUG - STREAM b'tEXt' 486697 37
2023-12-06 05:14:16,399 - DEBUG - STREAM b'tEXt' 486746 37
2023-12-06 05:14:16,572 - DEBUG - STREAM b'tEXt' 6884425 37
2023-12-06 05:14:16,572 - DEBUG - STREAM b'tEXt' 6884474 37
2023-12-06 05:14:16,572 - DEBUG - STREAM b'tEXt' 6884523 40
2023-12-06 05:14:16,610 - DEBUG - STREAM b'eXIf' 2285 14
2023-12-06 05:14:16,615 - INFO - Leon se movió a la posición [21, 20]
2023-12-06 05:14:16,615 - INFO - Leon se movió a la posición [22, 20]
2023-12-06 05:14:16,615 - INFO - hiena se movió a la posición [3, 2]
2023-12-06 05:14:16,615 - INFO - jirafa se movió a la posición [3, 6]
2023-12-06 05:14:16,615 - INFO - gacela se movió a la posición [0, 1]
2023-12-06 05:14:16,615 - INFO - rinoceronte se movió a la posición [7, 15]
2023-12-06 05:14:16,615 - INFO - elefante se movió a la posición [13, 20]
2023-12-06 05:14:16,615 - INFO - tortuga se movió a la posición [16, 25]
2023-12-06 05:14:16,615 - INFO - Leon373 se movió a la posición [11, 8]
2023-12-06 05:14:16,615 - INFO - Leon777 se movió a la posición [11, 8]
2023-12-06 05:14:16,615 - INFO - ciervo se movió a la posición [20, 19]
2023-12-06 05:14:16,616 - INFO - antilopes se movió a la posición [2, 15]
2023-12-06 05:14:16,616 - INFO - bufalo se movió a la posición [13, 20]
